[101152:0124/045843.750567:ERROR:appcenter_api.cc(52)] expecting appcenter url prefix
Xlib:  extension "XInputExtension" missing on display ":1.0".
Xlib:  extension "RANDR" missing on display ":1.0".
Xlib:  extension "XInputExtension" missing on display ":1.0".
[101198:0124/045843.900595:ERROR:gl_surface_glx.cc(454)] glxQueryVersion failed
[101198:0124/045843.901041:ERROR:gl_initializer_x11.cc(148)] GLSurfaceGLX::InitializeOneOff failed.
[101198:0124/045843.906914:ERROR:viz_main_impl.cc(152)] Exiting GPU process due to errors during initialization
Xlib:  extension "XInputExtension" missing on display ":1.0".
[90m[main 2021-01-24T12:58:44.131Z][0m Starting VS Code
[90m[main 2021-01-24T12:58:44.133Z][0m from: /usr/share/code/resources/app
[90m[main 2021-01-24T12:58:44.133Z][0m args: {
  _: [],
  diff: false,
  add: false,
  goto: false,
  'new-window': false,
  'reuse-window': false,
  wait: false,
  help: false,
  'list-extensions': false,
  'show-versions': false,
  version: false,
  verbose: true,
  status: false,
  'prof-startup': false,
  'disable-extensions': false,
  'disable-gpu': false,
  telemetry: false,
  debugRenderer: false,
  logExtensionHostCommunication: false,
  'skip-release-notes': false,
  'disable-telemetry': false,
  'disable-updates': false,
  'disable-crash-reporter': false,
  'skip-add-to-recently-opened': false,
  'unity-launch': false,
  'open-url': false,
  'file-write': false,
  'file-chmod': false,
  'driver-verbose': false,
  force: false,
  'do-not-sync': false,
  trace: false,
  'force-user-env': false,
  'force-disable-user-env': false,
  'open-devtools': false,
  'no-proxy-server': false,
  nolazy: false,
  'force-renderer-accessibility': false,
  'ignore-certificate-errors': false,
  'allow-insecure-localhost': false,
  logsPath: '/home/mwoodpatrick/.config/Code/logs/20210124T045844'
}
[90m[main 2021-01-24T12:58:44.160Z][0m Resolving machine identifier...
[90m[main 2021-01-24T12:58:44.160Z][0m Resolved machine identifier: 867fdbdb8ebb97d48d295e9006ffc4746c779cdc04c4e6430cbec836066d3e84
[90m[main 2021-01-24T12:58:44.177Z][0m [storage state.vscdb] open(/home/mwoodpatrick/.config/Code/User/globalStorage/state.vscdb, retryOnBusy: true)
[90m[main 2021-01-24T12:58:44.185Z][0m lifecycle (main): phase changed (value: 2)
[90m[main 2021-01-24T12:58:44.187Z][0m windowsManager#open
[90m[main 2021-01-24T12:58:44.187Z][0m windowsManager#open pathsToOpen [ [Object: null prototype] {} ]
[90m[main 2021-01-24T12:58:44.190Z][0m window#validateWindowState: validating window state on 1 display(s) {
  width: 1024,
  height: 768,
  mode: 1,
  x: 0,
  y: 0,
  hasDefaultState: true
}
[90m[main 2021-01-24T12:58:44.190Z][0m window#validateWindowState: 1 monitor working area { x: 0, y: 31, width: 1024, height: 688 }
[90m[main 2021-01-24T12:58:44.191Z][0m window#ctor: using window state {
  width: 1024,
  height: 688,
  mode: 1,
  x: 0,
  y: 31,
  hasDefaultState: true
}
Xlib:  extension "XInputExtension" missing on display ":1.0".
Xlib:  extension "XInputExtension" missing on display ":1.0".
[101152:0124/045844.276950:ERROR:electron_browser_main_parts.cc(196)] X IO error received (X server probably went away)
